<?xml version="1.0" encoding="UTF-8"?>
<testng-results ignored="0" total="3" passed="3" failed="0" skipped="0">
  <reporter-output>
  </reporter-output>
  <suite started-at="2022-06-01T11:15:31 IST" name="book-flight-module" finished-at="2022-06-01T11:16:08 IST" duration-ms="37118">
    <groups>
    </groups>
    <test started-at="2022-06-01T11:15:31 IST" name="book-flight" finished-at="2022-06-01T11:16:08 IST" duration-ms="37118">
      <class name="com.newtours.tests.BookFlightTest">
        <test-method is-config="true" signature="setUpDriver(java.lang.String, org.testng.ITestContext)[pri:0, instance:com.newtours.tests.BookFlightTest@6069db50]" started-at="2022-06-01T11:15:31 IST" name="setUpDriver" finished-at="2022-06-01T11:15:35 IST" duration-ms="4156" status="PASS">
          <params>
            <param index="0">
              <value>
                <![CDATA[local]]>
              </value>
            </param>
            <param index="1">
              <value>
                <![CDATA[org.testng.TestRunner@28701274]]>
              </value>
            </param>
          </params>
          <reporter-output>
          </reporter-output>
        </test-method> <!-- setUpDriver -->
        <test-method signature="registrationPage()[pri:0, instance:com.newtours.tests.BookFlightTest@6069db50]" started-at="2022-06-01T11:15:35 IST" name="registrationPage" finished-at="2022-06-01T11:15:49 IST" duration-ms="14396" status="PASS">
          <reporter-output>
          </reporter-output>
        </test-method> <!-- registrationPage -->
        <test-method signature="registrationConfirmationPage()[pri:0, instance:com.newtours.tests.BookFlightTest@6069db50]" started-at="2022-06-01T11:15:49 IST" name="registrationConfirmationPage" finished-at="2022-06-01T11:15:55 IST" depends-on-methods="com.newtours.tests.BookFlightTest.registrationPage" duration-ms="5833" status="PASS">
          <reporter-output>
          </reporter-output>
        </test-method> <!-- registrationConfirmationPage -->
        <test-method signature="flightDetailsPage()[pri:0, instance:com.newtours.tests.BookFlightTest@6069db50]" started-at="2022-06-01T11:15:55 IST" name="flightDetailsPage" finished-at="2022-06-01T11:16:07 IST" depends-on-methods="com.newtours.tests.BookFlightTest.registrationConfirmationPage" duration-ms="11828" status="PASS">
          <reporter-output>
          </reporter-output>
        </test-method> <!-- flightDetailsPage -->
        <test-method is-config="true" signature="quitBrowser()[pri:0, instance:com.newtours.tests.BookFlightTest@6069db50]" started-at="2022-06-01T11:16:07 IST" name="quitBrowser" finished-at="2022-06-01T11:16:08 IST" duration-ms="841" status="PASS">
          <reporter-output>
          </reporter-output>
        </test-method> <!-- quitBrowser -->
      </class> <!-- com.newtours.tests.BookFlightTest -->
    </test> <!-- book-flight -->
  </suite> <!-- book-flight-module -->
</testng-results>
