<?xml version="1.0" encoding="UTF-8"?>
<!-- Generated by org.testng.reporters.JUnitXMLReporter -->
<testsuite ignored="0" hostname="WKWIN6219675" failures="0" tests="3" name="book-flight" time="47.714" errors="0" timestamp="2022-06-01T09:16:38 IST">
  <testcase classname="com.newtours.tests.BookFlightTest" name="registrationPage" time="13.732"/>
  <testcase classname="com.newtours.tests.BookFlightTest" name="registrationConfirmationPage" time="6.721"/>
  <testcase classname="com.newtours.tests.BookFlightTest" name="flightDetailsPage" time="11.386"/>
</testsuite> <!-- book-flight -->
