<?xml version="1.0" encoding="UTF-8"?>
<!-- Generated by org.testng.reporters.JUnitXMLReporter -->
<testsuite ignored="0" hostname="WKWIN6219675" failures="0" tests="3" name="book-flight" time="37.118" errors="0" timestamp="2022-06-01T11:16:08 IST">
  <testcase classname="com.newtours.tests.BookFlightTest" name="registrationPage" time="14.396"/>
  <testcase classname="com.newtours.tests.BookFlightTest" name="registrationConfirmationPage" time="5.833"/>
  <testcase classname="com.newtours.tests.BookFlightTest" name="flightDetailsPage" time="11.828"/>
</testsuite> <!-- book-flight -->
